<?xml version="1.0" encoding="UTF-8"?>
<!-- Generated by org.testng.reporters.JUnitReportReporter -->
<testsuite hostname="ECL-DSK-B02R542" failures="0" tests="1" name="logging.Log4jDemo" time="0.607" errors="0" timestamp="12 Jan 2022 06:17:33 GMT">
  <testcase classname="logging.Log4jDemo" name="validateTitle" time="0.607"/>
</testsuite> <!-- logging.Log4jDemo -->
