<?xml version="1.0" encoding="UTF-8"?>
<!-- Generated by org.testng.reporters.JUnitReportReporter -->
<testsuite hostname="ECL-DSK-B02R542" failures="0" tests="1" name="takeScreenShots.TakeScreenShotsNormal" time="5.718" errors="0" timestamp="11 Jan 2022 07:02:59 GMT">
  <testcase classname="takeScreenShots.TakeScreenShotsNormal" name="validateTitle" time="5.718"/>
</testsuite> <!-- takeScreenShots.TakeScreenShotsNormal -->
