<?xml version="1.0" encoding="UTF-8"?>
<!-- Generated by org.testng.reporters.JUnitReportReporter -->
<testsuite hostname="ECL-DSK-B02R542" failures="0" tests="1" name="takeScreenShots.TakeScreenShots" time="7.339" errors="0" timestamp="11 Jan 2022 06:21:01 GMT">
  <testcase classname="takeScreenShots.TakeScreenShots" name="validateTitle" time="7.339"/>
</testsuite> <!-- takeScreenShots.TakeScreenShots -->
