<?xml version="1.0" encoding="UTF-8"?>
<!-- Generated by org.testng.reporters.JUnitReportReporter -->
<testsuite hostname="ECL-DSK-B02R542" failures="0" tests="2" name="selectbrowserFormJenkinsOption.SelectBrowserOptionFromJenkins" time="0.016" errors="0" timestamp="11 Jan 2022 13:28:27 GMT">
  <testcase classname="selectbrowserFormJenkinsOption.SelectBrowserOptionFromJenkins" name="validateTitle" time="0.013"/>
  <testcase classname="selectbrowserFormJenkinsOption.SelectBrowserOptionFromJenkins" name="validateTitle123" time="0.003"/>
</testsuite> <!-- selectbrowserFormJenkinsOption.SelectBrowserOptionFromJenkins -->
